<?xml version="1.0" encoding="UTF-8"?>
<testsuites>
  <testsuite name="ProjectName" tests="5" assertions="5" errors="0" failures="0" skipped="0" time="0.017721">
    <testsuite name="Tests\NumberTest" file="/home/feighen/workspace/research_square/tests/unit/NumberTest.php" tests="5" assertions="5" errors="0" failures="0" skipped="0" time="0.017721">
      <testsuite name="Tests\NumberTest::testCheckNumber" tests="4" assertions="4" errors="0" failures="0" skipped="0" time="0.010634">
        <testcase name="testCheckNumber with data set &quot;one&quot;" class="Tests\NumberTest" classname="Tests.NumberTest" file="/home/feighen/workspace/research_square/tests/unit/NumberTest.php" line="17" assertions="1" time="0.005877"/>
        <testcase name="testCheckNumber with data set &quot;three&quot;" class="Tests\NumberTest" classname="Tests.NumberTest" file="/home/feighen/workspace/research_square/tests/unit/NumberTest.php" line="17" assertions="1" time="0.001744"/>
        <testcase name="testCheckNumber with data set &quot;five&quot;" class="Tests\NumberTest" classname="Tests.NumberTest" file="/home/feighen/workspace/research_square/tests/unit/NumberTest.php" line="17" assertions="1" time="0.001487"/>
        <testcase name="testCheckNumber with data set &quot;fifteen&quot;" class="Tests\NumberTest" classname="Tests.NumberTest" file="/home/feighen/workspace/research_square/tests/unit/NumberTest.php" line="17" assertions="1" time="0.001526"/>
      </testsuite>
      <testcase name="testDoLoop" class="Tests\NumberTest" classname="Tests.NumberTest" file="/home/feighen/workspace/research_square/tests/unit/NumberTest.php" line="39" assertions="1" time="0.007087">
        <system-out>Number 0 Research Square
Number 1 
Number 2 
Number 3 Research
Number 4 
Number 5 Square
Number 6 Research
Number 7 
Number 8 
Number 9 Research
Number 10 Square
Number 11 
Number 12 Research
Number 13 
Number 14 
Number 15 Research Square
Number 16 
Number 17 
Number 18 Research
Number 19 
Number 20 Square
Number 21 Research
Number 22 
Number 23 
Number 24 Research
Number 25 Square
Number 26 
Number 27 Research
Number 28 
Number 29 
Number 30 Research Square
Number 31 
Number 32 
Number 33 Research
Number 34 
Number 35 Square
Number 36 Research
Number 37 
Number 38 
Number 39 Research
Number 40 Square
Number 41 
Number 42 Research
Number 43 
Number 44 
Number 45 Research Square
Number 46 
Number 47 
Number 48 Research
Number 49 
Number 50 Square
Number 51 Research
Number 52 
Number 53 
Number 54 Research
Number 55 Square
Number 56 
Number 57 Research
Number 58 
Number 59 
Number 60 Research Square
Number 61 
Number 62 
Number 63 Research
Number 64 
Number 65 Square
Number 66 Research
Number 67 
Number 68 
Number 69 Research
Number 70 Square
Number 71 
Number 72 Research
Number 73 
Number 74 
Number 75 Research Square
Number 76 
Number 77 
Number 78 Research
Number 79 
Number 80 Square
Number 81 Research
Number 82 
Number 83 
Number 84 Research
Number 85 Square
Number 86 
Number 87 Research
Number 88 
Number 89 
Number 90 Research Square
Number 91 
Number 92 
Number 93 Research
Number 94 
Number 95 Square
Number 96 Research
Number 97 
Number 98 
Number 99 Research
Number 100 Square
</system-out>
      </testcase>
    </testsuite>
  </testsuite>
</testsuites>
